app/build/outputs/logs/manifest-merger-debug-report.txt
-- Merging decision tree log ---
manifest
ADDED from src\main\AndroidManifest.xml:2:1-106:12
	package
		ADDED from src\main\AndroidManifest.xml:3:5-49
		INJECTED from src\main\AndroidManifest.xml
		INJECTED from src\main\AndroidManifest.xml
	android:versionName
		ADDED from src\main\AndroidManifest.xml:5:5-32
		INJECTED from src\main\AndroidManifest.xml
		INJECTED from src\main\AndroidManifest.xml
	android:versionCode
		ADDED from src\main\AndroidManifest.xml:4:5-28
		INJECTED from src\main\AndroidManifest.xml
		INJECTED from src\main\AndroidManifest.xml
	xmlns:android
		ADDED from src\main\AndroidManifest.xml:2:11-69
uses-sdk
ADDED from src\main\AndroidManifest.xml:7:5-9:41
MERGED from [com.android.support:appcompat-v7:21.0.2] AndroidManifest.xml:15:5-42
MERGED from [com.android.support:support-v4:21.0.2] AndroidManifest.xml:15:5-42
	android:targetSdkVersion
		ADDED from src\main\AndroidManifest.xml:9:9-38
		INJECTED from src\main\AndroidManifest.xml
		INJECTED from src\main\AndroidManifest.xml
	android:minSdkVersion
		ADDED from src\main\AndroidManifest.xml:8:9-35
		INJECTED from src\main\AndroidManifest.xml
		INJECTED from src\main\AndroidManifest.xml
uses-permission#android.permission.READ_EXTERNAL_STORAGE
ADDED from src\main\AndroidManifest.xml:11:5-80
	android:name
		ADDED from src\main\AndroidManifest.xml:11:22-77
uses-permission#android.permission.WRITE_EXTERNAL_STORAGE
ADDED from src\main\AndroidManifest.xml:12:5-81
	android:name
		ADDED from src\main\AndroidManifest.xml:12:22-78
uses-permission#android.permission.MOUNT_UNMOUNT_FILESYSTEMS
ADDED from src\main\AndroidManifest.xml:13:5-84
	android:name
		ADDED from src\main\AndroidManifest.xml:13:22-81
instrumentation
ADDED from src\main\AndroidManifest.xml:15:5-19:23
	android:label
		ADDED from src\main\AndroidManifest.xml:17:9-32
	android:targetPackage
		ADDED from src\main\AndroidManifest.xml:18:9-67
	android:name
		ADDED from src\main\AndroidManifest.xml:16:9-62
application
ADDED from src\main\AndroidManifest.xml:21:5-104:19
MERGED from [com.android.support:appcompat-v7:21.0.2] AndroidManifest.xml:16:5-19
MERGED from [com.android.support:support-v4:21.0.2] AndroidManifest.xml:16:5-19
	android:label
		ADDED from src\main\AndroidManifest.xml:25:9-41
	android:allowBackup
		ADDED from src\main\AndroidManifest.xml:23:9-35
	android:icon
		ADDED from src\main\AndroidManifest.xml:24:9-40
	android:name
		ADDED from src\main\AndroidManifest.xml:22:9-81
uses-library#android.test.runner
ADDED from src\main\AndroidManifest.xml:26:9-60
	android:name
		ADDED from src\main\AndroidManifest.xml:26:23-57
activity#com.cmcm.greendamexplorer.activity.StartUI
ADDED from src\main\AndroidManifest.xml:28:9-38:20
	android:screenOrientation
		ADDED from src\main\AndroidManifest.xml:30:13-49
	android:windowSoftInputMode
		ADDED from src\main\AndroidManifest.xml:32:13-52
	android:theme
		ADDED from src\main\AndroidManifest.xml:31:13-81
	android:name
		ADDED from src\main\AndroidManifest.xml:29:13-70
intent-filter#android.intent.action.MAIN+android.intent.category.LAUNCHER
ADDED from src\main\AndroidManifest.xml:33:13-37:29
action#android.intent.action.MAIN
ADDED from src\main\AndroidManifest.xml:34:17-69
	android:name
		ADDED from src\main\AndroidManifest.xml:34:25-66
category#android.intent.category.LAUNCHER
ADDED from src\main\AndroidManifest.xml:36:17-77
	android:name
		ADDED from src\main\AndroidManifest.xml:36:27-74
activity#com.cmcm.greendamexplorer.activity.MainActivity
ADDED from src\main\AndroidManifest.xml:40:9-46:20
	android:screenOrientation
		ADDED from src\main\AndroidManifest.xml:44:13-49
	android:label
		ADDED from src\main\AndroidManifest.xml:43:13-45
	android:windowSoftInputMode
		ADDED from src\main\AndroidManifest.xml:42:13-52
	android:theme
		ADDED from src\main\AndroidManifest.xml:45:13-81
	android:name
		ADDED from src\main\AndroidManifest.xml:41:13-75
activity#com.cmcm.greendamexplorer.activity.ImageWallActivity
ADDED from src\main\AndroidManifest.xml:47:9-51:20
	android:screenOrientation
		ADDED from src\main\AndroidManifest.xml:49:13-49
	android:theme
		ADDED from src\main\AndroidManifest.xml:50:13-81
	android:name
		ADDED from src\main\AndroidManifest.xml:48:13-80
activity#com.cmcm.greendamexplorer.activity.VideoActivity
ADDED from src\main\AndroidManifest.xml:52:9-56:20
	android:screenOrientation
		ADDED from src\main\AndroidManifest.xml:54:13-49
	android:theme
		ADDED from src\main\AndroidManifest.xml:55:13-81
	android:name
		ADDED from src\main\AndroidManifest.xml:53:13-76
activity#com.cmcm.greendamexplorer.activity.AudioActivity
ADDED from src\main\AndroidManifest.xml:57:9-61:20
	android:screenOrientation
		ADDED from src\main\AndroidManifest.xml:59:13-49
	android:theme
		ADDED from src\main\AndroidManifest.xml:60:13-81
	android:name
		ADDED from src\main\AndroidManifest.xml:58:13-76
activity#com.cmcm.greendamexplorer.activity.DocumentsActivity
ADDED from src\main\AndroidManifest.xml:62:9-66:20
	android:screenOrientation
		ADDED from src\main\AndroidManifest.xml:64:13-49
	android:theme
		ADDED from src\main\AndroidManifest.xml:65:13-81
	android:name
		ADDED from src\main\AndroidManifest.xml:63:13-80
activity#com.cmcm.greendamexplorer.activity.ZipActivity
ADDED from src\main\AndroidManifest.xml:67:9-71:20
	android:screenOrientation
		ADDED from src\main\AndroidManifest.xml:69:13-49
	android:theme
		ADDED from src\main\AndroidManifest.xml:70:13-81
	android:name
		ADDED from src\main\AndroidManifest.xml:68:13-74
activity#com.cmcm.greendamexplorer.activity.ApplicationsActivity
ADDED from src\main\AndroidManifest.xml:72:9-76:20
	android:screenOrientation
		ADDED from src\main\AndroidManifest.xml:74:13-49
	android:theme
		ADDED from src\main\AndroidManifest.xml:75:13-81
	android:name
		ADDED from src\main\AndroidManifest.xml:73:13-83
activity#com.cmcm.greendamexplorer.activity.ApksActivity
ADDED from src\main\AndroidManifest.xml:77:9-81:20
	android:screenOrientation
		ADDED from src\main\AndroidManifest.xml:79:13-49
	android:theme
		ADDED from src\main\AndroidManifest.xml:80:13-81
	android:name
		ADDED from src\main\AndroidManifest.xml:78:13-75
activity#com.cmcm.greendamexplorer.activity.AboutMeActivity
ADDED from src\main\AndroidManifest.xml:82:9-86:20
	android:screenOrientation
		ADDED from src\main\AndroidManifest.xml:84:13-49
	android:theme
		ADDED from src\main\AndroidManifest.xml:85:13-81
	android:name
		ADDED from src\main\AndroidManifest.xml:83:13-78
service#com.cmcm.greendamexplorer.core.engine.service.delete.DeleteFileService
ADDED from src\main\AndroidManifest.xml:88:9-95:19
	android:process
		ADDED from src\main\AndroidManifest.xml:91:13-38
	android:exported
		ADDED from src\main\AndroidManifest.xml:90:13-37
	android:name
		ADDED from src\main\AndroidManifest.xml:89:13-98
intent-filter#com.cmcm.greendamexplorer.core.engine.service.delete.DeleteFileService
ADDED from src\main\AndroidManifest.xml:92:13-94:29
action#com.cmcm.greendamexplorer.core.engine.service.delete.DeleteFileService
ADDED from src\main\AndroidManifest.xml:93:17-113
	android:name
		ADDED from src\main\AndroidManifest.xml:93:25-110
service#com.cmcm.greendamexplorer.core.engine.service.copy.CopyFileService
ADDED from src\main\AndroidManifest.xml:96:9-103:19
	android:process
		ADDED from src\main\AndroidManifest.xml:99:13-38
	android:exported
		ADDED from src\main\AndroidManifest.xml:98:13-37
	android:name
		ADDED from src\main\AndroidManifest.xml:97:13-94
intent-filter#com.cmcm.greendamexplorer.core.engine.service.copy.CopyFileService
ADDED from src\main\AndroidManifest.xml:100:13-102:29
action#com.cmcm.greendamexplorer.core.engine.service.copy.CopyFileService
ADDED from src\main\AndroidManifest.xml:101:17-109
	android:name
		ADDED from src\main\AndroidManifest.xml:101:25-106